0 verbose cli C:\Program Files\nodejs\node.exe C:\Program Files\nodejs\node_modules\npm\bin\npm-cli.js
1 info using npm@10.9.2
2 info using node@v22.14.0
3 silly config load:file:C:\Program Files\nodejs\node_modules\npm\npmrc
4 silly config load:file:M:\Zain1212\.npmrc
5 silly config load:file:C:\Users\Zain Ali\.npmrc
6 silly config load:file:C:\Users\Zain Ali\AppData\Roaming\npm\etc\npmrc
7 verbose title npm exec shadcn@latest add calender
8 verbose argv "exec" "--" "shadcn@latest" "add" "calender"
9 verbose logfile logs-max:10 dir:M:\Zain1212\npm-cache\_logs\2025-08-18T05_40_07_660Z-
10 verbose logfile M:\Zain1212\npm-cache\_logs\2025-08-18T05_40_07_660Z-debug-0.log
11 silly logfile done cleaning log files
12 silly packumentCache heap:4345298944 maxSize:1086324736 maxEntrySize:543162368
13 http fetch GET 200 https://registry.npmjs.org/shadcn 1002ms (cache revalidated)
14 silly packumentCache heap:4345298944 maxSize:1086324736 maxEntrySize:543162368
15 silly packumentCache heap:4345298944 maxSize:1086324736 maxEntrySize:543162368
16 verbose cwd M:\Zain1212
17 verbose os Windows_NT 10.0.26100
18 verbose node v22.14.0
19 verbose npm  v10.9.2
20 verbose exit 1
21 verbose code 1
